# JRE version: Java(TM) SE Runtime Environment (18.0+36) (build 18+36-2087)
# Java VM: Java HotSpot(TM) 64-Bit Server VM (18+36-2087, mixed mode, emulated-client, sharing, tiered, compressed oops, compressed class ptrs, g1 gc, windows-amd64)
GC Precious Log:
 CardTable entry size: 512
 Card Set container configuration: InlinePtr #cards 4 size 8 Array Of Cards #cards 16 size 48 Howl #buckets 8 coarsen threshold 3686 Howl Bitmap #cards 512 size 80 coarsen threshold 460 Card regions per heap region 1 cards per card region 4096
 CPUs: 12 total, 12 available
 Memory: 16310M
 Large Page Support: Disabled
 NUMA Support: Disabled
 Compressed Oops: Enabled (Zero based)
 Heap Region Size: 2M
 Heap Min Capacity: 8M
 Heap Initial Capacity: 256M
 Heap Max Capacity: 4078M
 Pre-touch: Disabled
 Parallel Workers: 10
 Concurrent Workers: 3
 Concurrent Refinement Workers: 10
 Periodic GC: Disabled
Heap:
 garbage-first heap   total 116736K, used 90024K [0x0000000701200000, 0x0000000800000000)
  region size 2048K, 21 young (43008K), 1 survivors (2048K)
 Metaspace       used 90327K, committed 91520K, reserved 1179648K
  class space    used 11153K, committed 11712K, reserved 1048576K
GC Heap History (20 events):
Event: 6385.066 GC heap after
{Heap after GC invocations=645 (full 31):
 garbage-first heap   total 116736K, used 41213K [0x0000000701200000, 0x0000000800000000)
  region size 2048K, 2 young (4096K), 2 survivors (4096K)
 Metaspace       used 89363K, committed 90560K, reserved 1179648K
  class space    used 11071K, committed 11648K, reserved 1048576K
}
Event: 6385.669 GC heap before
{Heap before GC invocations=645 (full 31):
 garbage-first heap   total 116736K, used 88317K [0x0000000701200000, 0x0000000800000000)
  region size 2048K, 25 young (51200K), 2 survivors (4096K)
 Metaspace       used 89610K, committed 90816K, reserved 1179648K
  class space    used 11087K, committed 11648K, reserved 1048576K
}
Event: 6385.672 GC heap after
{Heap after GC invocations=646 (full 31):
 garbage-first heap   total 116736K, used 45361K [0x0000000701200000, 0x0000000800000000)
  region size 2048K, 4 young (8192K), 4 survivors (8192K)
 Metaspace       used 89610K, committed 90816K, reserved 1179648K
  class space    used 11087K, committed 11648K, reserved 1048576K
}
Event: 6390.509 GC heap before
{Heap before GC invocations=646 (full 31):
 garbage-first heap   total 116736K, used 88369K [0x0000000701200000, 0x0000000800000000)
  region size 2048K, 25 young (51200K), 4 survivors (8192K)
 Metaspace       used 89610K, committed 90816K, reserved 1179648K
  class space    used 11087K, committed 11648K, reserved 1048576K
}
Event: 6390.512 GC heap after
{Heap after GC invocations=647 (full 31):
 garbage-first heap   total 116736K, used 46187K [0x0000000701200000, 0x0000000800000000)
  region size 2048K, 2 young (4096K), 2 survivors (4096K)
 Metaspace       used 89610K, committed 90816K, reserved 1179648K
  class space    used 11087K, committed 11648K, reserved 1048576K
}
Event: 6395.507 GC heap before
{Heap before GC invocations=647 (full 31):
 garbage-first heap   total 116736K, used 89195K [0x0000000701200000, 0x0000000800000000)
  region size 2048K, 23 young (47104K), 2 survivors (4096K)
 Metaspace       used 89610K, committed 90816K, reserved 1179648K
  class space    used 11087K, committed 11648K, reserved 1048576K
}
Event: 6395.508 GC heap after
{Heap after GC invocations=648 (full 31):
 garbage-first heap   total 116736K, used 44192K [0x0000000701200000, 0x0000000800000000)
  region size 2048K, 1 young (2048K), 1 survivors (2048K)
 Metaspace       used 89610K, committed 90816K, reserved 1179648K
  class space    used 11087K, committed 11648K, reserved 1048576K
}
Event: 6400.442 GC heap before
{Heap before GC invocations=649 (full 31):
 garbage-first heap   total 116736K, used 89248K [0x0000000701200000, 0x0000000800000000)
  region size 2048K, 23 young (47104K), 1 survivors (2048K)
 Metaspace       used 89604K, committed 90816K, reserved 1179648K
  class space    used 11086K, committed 11648K, reserved 1048576K
}
Event: 6400.443 GC heap after
{Heap after GC invocations=650 (full 31):
 garbage-first heap   total 116736K, used 45769K [0x0000000701200000, 0x0000000800000000)
  region size 2048K, 2 young (4096K), 2 survivors (4096K)
 Metaspace       used 89604K, committed 90816K, reserved 1179648K
  class space    used 11086K, committed 11648K, reserved 1048576K
}
Event: 6400.660 GC heap before
{Heap before GC invocations=650 (full 31):
 garbage-first heap   total 116736K, used 47817K [0x0000000701200000, 0x0000000800000000)
  region size 2048K, 3 young (6144K), 2 survivors (4096K)
 Metaspace       used 89604K, committed 90816K, reserved 1179648K
  class space    used 11086K, committed 11648K, reserved 1048576K
}
Event: 6400.661 GC heap after
{Heap after GC invocations=651 (full 31):
 garbage-first heap   total 116736K, used 45191K [0x0000000701200000, 0x0000000800000000)
  region size 2048K, 1 young (2048K), 1 survivors (2048K)
 Metaspace       used 89604K, committed 90816K, reserved 1179648K
  class space    used 11086K, committed 11648K, reserved 1048576K
}
Event: 6401.527 GC heap before
{Heap before GC invocations=651 (full 31):
 garbage-first heap   total 116736K, used 55431K [0x0000000701200000, 0x0000000800000000)
  region size 2048K, 7 young (14336K), 1 survivors (2048K)
 Metaspace       used 89607K, committed 90816K, reserved 1179648K
  class space    used 11087K, committed 11648K, reserved 1048576K
}
Event: 6401.574 GC heap after
{Heap after GC invocations=652 (full 32):
 garbage-first heap   total 116736K, used 36814K [0x0000000701200000, 0x0000000800000000)
  region size 2048K, 0 young (0K), 0 survivors (0K)
 Metaspace       used 89607K, committed 90816K, reserved 1179648K
  class space    used 11087K, committed 11648K, reserved 1048576K
}
Event: 6401.985 GC heap before
{Heap before GC invocations=652 (full 32):
 garbage-first heap   total 116736K, used 88014K [0x0000000701200000, 0x0000000800000000)
  region size 2048K, 26 young (53248K), 0 survivors (0K)
 Metaspace       used 89880K, committed 91072K, reserved 1179648K
  class space    used 11123K, committed 11712K, reserved 1048576K
}
Event: 6401.988 GC heap after
{Heap after GC invocations=653 (full 32):
 garbage-first heap   total 116736K, used 42569K [0x0000000701200000, 0x0000000800000000)
  region size 2048K, 3 young (6144K), 3 survivors (6144K)
 Metaspace       used 89880K, committed 91072K, reserved 1179648K
  class space    used 11123K, committed 11712K, reserved 1048576K
}
Event: 6402.435 GC heap before
{Heap before GC invocations=653 (full 32):
 garbage-first heap   total 116736K, used 89673K [0x0000000701200000, 0x0000000800000000)
  region size 2048K, 26 young (53248K), 3 survivors (6144K)
 Metaspace       used 90026K, committed 91264K, reserved 1179648K
  class space    used 11135K, committed 11712K, reserved 1048576K
}
Event: 6402.438 GC heap after
{Heap after GC invocations=654 (full 32):
 garbage-first heap   total 116736K, used 45623K [0x0000000701200000, 0x0000000800000000)
  region size 2048K, 2 young (4096K), 2 survivors (4096K)
 Metaspace       used 90026K, committed 91264K, reserved 1179648K
  class space    used 11135K, committed 11712K, reserved 1048576K
}
Event: 6405.631 GC heap before
{Heap before GC invocations=654 (full 32):
 garbage-first heap   total 116736K, used 88631K [0x0000000701200000, 0x0000000800000000)
  region size 2048K, 23 young (47104K), 2 survivors (4096K)
 Metaspace       used 90326K, committed 91520K, reserved 1179648K
  class space    used 11153K, committed 11712K, reserved 1048576K
}
Event: 6405.634 GC heap after
{Heap after GC invocations=655 (full 32):
 garbage-first heap   total 116736K, used 49064K [0x0000000701200000, 0x0000000800000000)
  region size 2048K, 3 young (6144K), 3 survivors (6144K)
 Metaspace       used 90326K, committed 91520K, reserved 1179648K
  class space    used 11153K, committed 11712K, reserved 1048576K
}
Event: 6411.432 GC heap before
{Heap before GC invocations=656 (full 32):
 garbage-first heap   total 116736K, used 90024K [0x0000000701200000, 0x0000000800000000)
  region size 2048K, 23 young (47104K), 3 survivors (6144K)
 Metaspace       used 90327K, committed 91520K, reserved 1179648K
  class space    used 11153K, committed 11712K, reserved 1048576K
}

